UTC+8 20161025_05:39:23	1477388363830	 : upload.php/ 	 : File 14773883632. MeasureData_20140901-20140930_Part 1.csv Upload to ./Uploads/1610/
UTC+8 20161111_04:02:06	1478851326481	 : upload.php/ 	 : File 14788513262. MeasureData_20140901-20140930_Part 2.csv Upload to ./Uploads/1611/
UTC+8 20161111_04:06:22	1478851582484	 : upload.php/ 	 : File 14788515821. WeatherData_20140901-20140930_Example for database.CSV.xlsx Upload to ./Uploads/1611/
UTC+8 20161111_04:32:31	1478853151362	 : upload.php/ 	 : File 14788531511. WeatherData_20140901-20140930_Example for database.CSV Upload to ./Uploads/1611/
UTC+8 20161111_04:34:17	1478853257302	 : upload.php/ 	 : File 14788532571. WeatherData_20140901-20140930_Example for database.CSV Upload to ./Uploads/1611/
UTC+8 20161111_04:59:39	1478854779350	 : upload.php/ 	 : File 14788547792. MeasureData_20140901-20140930_Part 1.csv Upload to ./Uploads/1611/
UTC+8 20161111_04:59:55	1478854795128	 : upload.php/ 	 : File 14788547952. MeasureData_20140901-20140930_Part 2.csv Upload to ./Uploads/1611/
UTC+8 20161117_04:58:13	1479373093331	 : upload.php/ 	 : File 14793730932. MeasureData_20140901-20140930_Part 2.csv Upload to ./Uploads/1611/
UTC+8 20161117_05:04:48	1479373488706	 : upload.php/ 	 : File 14793734882. MeasureData_20140901-20140930_Part 2.csv Upload to ./Uploads/1611/
UTC+8 20161117_05:07:26	1479373646123	 : upload.php/ 	 : File 14793736462. MeasureData_20140901-20140930_Part 2.csv Upload to ./Uploads/1611/
UTC+8 20161117_05:10:37	1479373837394	 : upload.php/ 	 : File 14793738372. MeasureData_20140901-20140930_Part 1.csv Upload to ./Uploads/1611/
UTC+8 20161117_05:12:01	1479373921646	 : upload.php/ 	 : File 14793739212. MeasureData_20140901-20140930_Part 1.csv Upload to ./Uploads/1611/
UTC+8 20161117_05:12:27	1479373947161	 : upload.php/ 	 : File 14793739472. MeasureData_20140901-20140930_Part 2.csv Upload to ./Uploads/1611/
UTC+8 20161117_05:12:43	1479373963620	 : upload.php/ 	 : File 14793739631. WeatherData_20140901-20140930_Example for database.CSV Upload to ./Uploads/1611/
UTC+8 20161129_06:07:41	1480414061075	 : upload.php/ 	 : File 14804140611. WeatherData_20140901-20140930_Example for database.CSV Upload to ./Uploads/1611/
UTC+8 20161129_06:07:56	1480414076352	 : upload.php/ 	 : File 14804140762. MeasureData_20140901-20140930_Part 2.csv Upload to ./Uploads/1611/
UTC+8 20161129_06:09:08	1480414148901	 : upload.php/ 	 : File 14804141482. MeasureData_20140901-20140930_Part 1.csv Upload to ./Uploads/1611/
UTC+8 20161129_06:11:00	1480414260441	 : upload.php/ 	 : Fail to Upload 
UTC+8 20161129_06:11:16	1480414276225	 : upload.php/ 	 : File 14804142762. MeasureData_20140901-20140930_Part 2.csv Upload to ./Uploads/1611/
UTC+8 20161129_06:11:44	1480414304663	 : upload.php/ 	 : File 14804143042. MeasureData_20140901-20140930_Part 1.csv Upload to ./Uploads/1611/
UTC+8 20161211_04:44:25	1481445865377	 : upload.php/ 	 : Fail to Upload 
UTC+8 20161212_09:53:35	1481550815767	 : upload.php/ 	 : File 14815508151. WeatherData_20140901-20140930_Example for database.CSV Upload to ./Uploads/1612/
UTC+8 20161212_09:53:46	1481550826369	 : upload.php/ 	 : File 14815508262. MeasureData_20140901-20140930_Part 1.csv Upload to ./Uploads/1612/
UTC+8 20161212_09:53:51	1481550831608	 : upload.php/ 	 : File 14815508312. MeasureData_20140901-20140930_Part 2.csv Upload to ./Uploads/1612/
UTC+8 20161212_11:12:38	1481555558722	 : upload.php/ 	 : File 14815555581. WeatherData_20140901-20140930_Example for database (副本).CSV Upload to ./Uploads/1612/
UTC+8 20161212_11:12:45	1481555565950	 : upload.php/ 	 : File 14815555652. MeasureData_20140901-20140930_Part 1 (副本).csv Upload to ./Uploads/1612/
UTC+8 20161212_11:12:51	1481555571011	 : upload.php/ 	 : File 14815555712. MeasureData_20140901-20140930_Part 2 (副本).csv Upload to ./Uploads/1612/
UTC+8 20161212_11:17:07	1481555827503	 : upload.php/ 	 : File 14815558272. MeasureData_20140901-20140930_Part 2.csv Upload to ./Uploads/1612/
UTC+8 20161212_11:31:29	1481556689631	 : upload.php/ 	 : File 14815566891. WeatherData_20140901-20140930_Example for database (副本).CSV Upload to ./Uploads/1612/
UTC+8 20161213_02:50:30	1481611830194	 : upload.php/ 	 : File 14816118302. MeasureData_20140901-20140930_Part 1.csv Upload to ./Uploads/1612/
UTC+8 20161213_02:52:20	1481611940657	 : upload.php/ 	 : File 14816119402. MeasureData_20140901-20140930_Part 1.csv Upload to ./Uploads/1612/
UTC+8 20161213_02:59:12	1481612352562	 : upload.php/ 	 : File 14816123522. MeasureData_20140901-20140930_Part 2.csv Upload to ./Uploads/1612/
UTC+8 20161213_02:59:51	1481612391617	 : upload.php/ 	 : File 14816123911. WeatherData_20140901-20140930_Example for database.CSV Upload to ./Uploads/1612/
UTC+8 20161213_03:00:09	1481612409674	 : upload.php/ 	 : File 14816124092. MeasureData_20140901-20140930_Part 1.csv Upload to ./Uploads/1612/
UTC+8 20161213_03:02:16	1481612536925	 : upload.php/ 	 : File 14816125362. MeasureData_20140901-20140930_Part 2 (副本).csv Upload to ./Uploads/1612/
UTC+8 20161213_03:03:13	1481612593795	 : upload.php/ 	 : File 14816125932. MeasureData_20140901-20140930_Part 2 (副本).csv Upload to ./Uploads/1612/
UTC+8 20161213_05:00:58	1481619658355	 : upload.php/ 	 : File 14816196581. WeatherData_20140901-20140930_Example for database (副本).CSV Upload to ./Uploads/1612/
UTC+8 20161217_02:49:38	1481957378921	 : upload.php/ 	 : File 14819573782. MeasureData_20140901-20140930_Part 1 (副本).csv Upload to ./Uploads/1612/
UTC+8 20161217_02:52:12	1481957532454	 : upload.php/ 	 : File 14819575322. MeasureData_20140901-20140930_Part 1 (副本).csv Upload to ./Uploads/1612/
UTC+8 20161217_02:52:20	1481957540145	 : upload.php/ 	 : File 14819575402. MeasureData_20140901-20140930_Part 1 (副本).csv Upload to ./Uploads/1612/
UTC+8 20161217_02:53:21	1481957601175	 : upload.php/ 	 : File 14819576012. MeasureData_20140901-20140930_Part 1 (副本).csv Upload to ./Uploads/1612/
UTC+8 20161217_02:55:27	1481957727771	 : upload.php/ 	 : File 14819577271. WeatherData_20140901-20140930_Example for database (副本).CSV Upload to ./Uploads/1612/
UTC+8 20161217_02:56:40	1481957800826	 : upload.php/ 	 : File 14819578001. WeatherData_20140901-20140930_Example for database.CSV Upload to ./Uploads/1612/
UTC+8 20161217_02:57:40	1481957860268	 : upload.php/ 	 : File 14819578601. WeatherData_20140901-20140930_Example for database (副本).CSV Upload to ./Uploads/1612/
UTC+8 20161217_02:58:47	1481957927064	 : upload.php/ 	 : File 14819579271. WeatherData_20140901-20140930_Example for database.CSV Upload to ./Uploads/1612/
UTC+8 20161217_03:01:53	1481958113935	 : upload.php/ 	 : File 14819581131. WeatherData_20140901-20140930_Example for database (副本).CSV Upload to ./Uploads/1612/
UTC+8 20161217_03:03:14	1481958194171	 : upload.php/ 	 : File 14819581941. WeatherData_20140901-20140930_Example for database.CSV Upload to ./Uploads/1612/
UTC+8 20161217_03:03:22	1481958202831	 : upload.php/ 	 : File 14819582021. WeatherData_20140901-20140930_Example for database (副本).CSV Upload to ./Uploads/1612/
UTC+8 20161217_03:05:20	1481958320500	 : upload.php/ 	 : File 14819583201. WeatherData_20140901-20140930_Example for database (副本).CSV Upload to ./Uploads/1612/
UTC+8 20161217_03:07:53	1481958473982	 : upload.php/ 	 : File 14819584731. WeatherData_20140901-20140930_Example for database.CSV Upload to ./Uploads/1612/
UTC+8 20161217_03:08:25	1481958505295	 : upload.php/ 	 : File 14819585051. WeatherData_20140901-20140930_Example for database (副本).CSV Upload to ./Uploads/1612/
UTC+8 20161217_03:08:52	1481958532016	 : upload.php/ 	 : File 14819585321. WeatherData_20140901-20140930_Example for database.CSV Upload to ./Uploads/1612/
UTC+8 20161217_03:10:04	1481958604427	 : upload.php/ 	 : File 14819586041. WeatherData_20140901-20140930_Example for database (副本).CSV Upload to ./Uploads/1612/
UTC+8 20161217_03:11:56	1481958716145	 : upload.php/ 	 : File 14819587161. WeatherData_20140901-20140930_Example for database (副本).CSV Upload to ./Uploads/1612/
UTC+8 20161217_03:12:58	1481958778828	 : upload.php/ 	 : File 14819587781. WeatherData_20140901-20140930_Example for database (副本).CSV Upload to ./Uploads/1612/
UTC+8 20161217_03:13:39	1481958819319	 : upload.php/ 	 : File 14819588191. WeatherData_20140901-20140930_Example for database (副本).CSV Upload to ./Uploads/1612/
UTC+8 20161217_03:15:31	1481958931850	 : upload.php/ 	 : File 14819589311. WeatherData_20140901-20140930_Example for database (副本).CSV Upload to ./Uploads/1612/
UTC+8 20161217_03:16:35	1481958995960	 : upload.php/ 	 : File 14819589951. WeatherData_20140901-20140930_Example for database (副本).CSV Upload to ./Uploads/1612/
UTC+8 20161217_03:17:33	1481959053892	 : upload.php/ 	 : File 14819590531. WeatherData_20140901-20140930_Example for database (副本).CSV Upload to ./Uploads/1612/
UTC+8 20161217_03:17:54	1481959074082	 : upload.php/ 	 : File 14819590741. WeatherData_20140901-20140930_Example for database (副本).CSV Upload to ./Uploads/1612/
UTC+8 20161217_03:18:29	1481959109103	 : upload.php/ 	 : File 14819591091. WeatherData_20140901-20140930_Example for database (副本).CSV Upload to ./Uploads/1612/
UTC+8 20161217_03:20:17	1481959217511	 : upload.php/ 	 : File 14819592171. WeatherData_20140901-20140930_Example for database (副本).CSV Upload to ./Uploads/1612/
UTC+8 20161217_03:21:37	1481959297438	 : upload.php/ 	 : File 14819592971. WeatherData_20140901-20140930_Example for database (副本).CSV Upload to ./Uploads/1612/
UTC+8 20161217_03:21:53	1481959313027	 : upload.php/ 	 : File 14819593131. WeatherData_20140901-20140930_Example for database (副本).CSV Upload to ./Uploads/1612/
UTC+8 20161217_03:23:28	1481959408459	 : upload.php/ 	 : File 14819594081. WeatherData_20140901-20140930_Example for database (副本).CSV Upload to ./Uploads/1612/
UTC+8 20161217_03:24:46	1481959486861	 : upload.php/ 	 : File 14819594861. WeatherData_20140901-20140930_Example for database (副本).CSV Upload to ./Uploads/1612/
UTC+8 20161217_03:26:05	1481959565141	 : upload.php/ 	 : File 14819595651. WeatherData_20140901-20140930_Example for database (副本).CSV Upload to ./Uploads/1612/
UTC+8 20161217_03:32:08	1481959928519	 : upload.php/ 	 : File 14819599281. WeatherData_20140901-20140930_Example for database (副本).CSV Upload to ./Uploads/1612/
UTC+8 20161217_03:35:26	1481960126958	 : upload.php/ 	 : File 14819601261. WeatherData_20140901-20140930_Example for database (副本).CSV Upload to ./Uploads/1612/
UTC+8 20161217_03:36:03	1481960163704	 : upload.php/ 	 : File 14819601631. WeatherData_20140901-20140930_Example for database.CSV Upload to ./Uploads/1612/
UTC+8 20161217_03:36:18	1481960178778	 : upload.php/ 	 : File 14819601781. WeatherData_20140901-20140930_Example for database (副本).CSV Upload to ./Uploads/1612/
UTC+8 20161217_03:38:36	1481960316432	 : upload.php/ 	 : File 14819603161. WeatherData_20140901-20140930_Example for database (副本).CSV Upload to ./Uploads/1612/
UTC+8 20161217_03:40:44	1481960444674	 : upload.php/ 	 : File 14819604441. WeatherData_20140901-20140930_Example for database (副本).CSV Upload to ./Uploads/1612/
UTC+8 20161217_03:45:45	1481960745833	 : upload.php/ 	 : File 14819607451. WeatherData_20140901-20140930_Example for database (副本).CSV Upload to ./Uploads/1612/
UTC+8 20161217_03:46:39	1481960799620	 : upload.php/ 	 : File 14819607991. WeatherData_20140901-20140930_Example for database (副本).CSV Upload to ./Uploads/1612/
UTC+8 20161217_03:47:25	1481960845705	 : upload.php/ 	 : File 14819608451. WeatherData_20140901-20140930_Example for database (副本).CSV Upload to ./Uploads/1612/
UTC+8 20161217_03:47:59	1481960879745	 : upload.php/ 	 : File 14819608791. WeatherData_20140901-20140930_Example for database (副本).CSV Upload to ./Uploads/1612/
UTC+8 20161217_03:48:39	1481960919544	 : upload.php/ 	 : File 14819609191. WeatherData_20140901-20140930_Example for database (副本).CSV Upload to ./Uploads/1612/
UTC+8 20161217_03:49:30	1481960970581	 : upload.php/ 	 : File 14819609701. WeatherData_20140901-20140930_Example for database (副本).CSV Upload to ./Uploads/1612/
UTC+8 20161217_03:52:35	1481961155819	 : upload.php/ 	 : File 14819611551. WeatherData_20140901-20140930_Example for database (副本).CSV Upload to ./Uploads/1612/
UTC+8 20161217_03:53:25	1481961205336	 : upload.php/ 	 : File 14819612051. WeatherData_20140901-20140930_Example for database (副本).CSV Upload to ./Uploads/1612/
UTC+8 20161217_03:53:36	1481961216883	 : upload.php/ 	 : File 14819612161. WeatherData_20140901-20140930_Example for database.CSV Upload to ./Uploads/1612/
UTC+8 20161217_03:54:16	1481961256043	 : upload.php/ 	 : File 14819612561. WeatherData_20140901-20140930_Example for database (副本).CSV Upload to ./Uploads/1612/
UTC+8 20161217_03:55:13	1481961313415	 : upload.php/ 	 : File 14819613131. WeatherData_20140901-20140930_Example for database.CSV Upload to ./Uploads/1612/
UTC+8 20161217_03:55:26	1481961326435	 : upload.php/ 	 : File 14819613261. WeatherData_20140901-20140930_Example for database (副本).CSV Upload to ./Uploads/1612/
UTC+8 20161217_03:56:58	1481961418425	 : upload.php/ 	 : File 14819614181. WeatherData_20140901-20140930_Example for database.CSV Upload to ./Uploads/1612/
UTC+8 20161217_03:58:42	1481961522251	 : upload.php/ 	 : File 14819615221. WeatherData_20140901-20140930_Example for database.CSV Upload to ./Uploads/1612/
UTC+8 20161217_04:01:14	1481961674815	 : upload.php/ 	 : File 14819616741. WeatherData_20140901-20140930_Example for database.CSV Upload to ./Uploads/1612/
UTC+8 20161217_04:01:59	1481961719170	 : upload.php/ 	 : File 14819617191. WeatherData_20140901-20140930_Example for database.CSV Upload to ./Uploads/1612/
UTC+8 20161217_04:05:08	1481961908748	 : upload.php/ 	 : File 14819619081. WeatherData_20140901-20140930_Example for database.CSV Upload to ./Uploads/1612/
UTC+8 20161217_04:05:52	1481961952688	 : upload.php/ 	 : File 14819619521. WeatherData_20140901-20140930_Example for database.CSV Upload to ./Uploads/1612/
UTC+8 20161217_04:06:39	1481961999964	 : upload.php/ 	 : File 14819619991. WeatherData_20140901-20140930_Example for database.CSV Upload to ./Uploads/1612/
UTC+8 20161217_04:08:37	1481962117653	 : upload.php/ 	 : File 14819621171. WeatherData_20140901-20140930_Example for database.CSV Upload to ./Uploads/1612/
UTC+8 20161217_04:09:17	1481962157162	 : upload.php/ 	 : File 14819621571. WeatherData_20140901-20140930_Example for database.CSV Upload to ./Uploads/1612/
UTC+8 20161217_04:10:22	1481962222235	 : upload.php/ 	 : File 14819622221. WeatherData_20140901-20140930_Example for database.CSV Upload to ./Uploads/1612/
UTC+8 20161217_04:12:18	1481962338490	 : upload.php/ 	 : File 14819623381. WeatherData_20140901-20140930_Example for database.CSV Upload to ./Uploads/1612/
UTC+8 20161217_04:13:26	1481962406337	 : upload.php/ 	 : File 14819624061. WeatherData_20140901-20140930_Example for database.CSV Upload to ./Uploads/1612/
UTC+8 20161217_04:15:46	1481962546857	 : upload.php/ 	 : File 14819625461. WeatherData_20140901-20140930_Example for database.CSV Upload to ./Uploads/1612/
UTC+8 20161217_04:16:08	1481962568237	 : upload.php/ 	 : File 14819625681. WeatherData_20140901-20140930_Example for database.CSV Upload to ./Uploads/1612/
UTC+8 20161217_04:16:41	1481962601982	 : upload.php/ 	 : File 14819626011. WeatherData_20140901-20140930_Example for database (副本).CSV Upload to ./Uploads/1612/
UTC+8 20161217_04:21:34	1481962894274	 : upload.php/ 	 : File 14819628941. WeatherData_20140901-20140930_Example for database (副本).CSV Upload to ./Uploads/1612/
UTC+8 20161217_04:22:37	1481962957347	 : upload.php/ 	 : File 14819629571. WeatherData_20140901-20140930_Example for database.CSV Upload to ./Uploads/1612/
UTC+8 20161217_04:26:10	1481963170199	 : upload.php/ 	 : File 14819631701. WeatherData_20140901-20140930_Example for database.CSV Upload to ./Uploads/1612/
UTC+8 20161217_04:28:24	1481963304784	 : upload.php/ 	 : File 14819633041. WeatherData_20140901-20140930_Example for database.CSV Upload to ./Uploads/1612/
UTC+8 20161217_04:28:50	1481963330691	 : upload.php/ 	 : File 14819633301. WeatherData_20140901-20140930_Example for database (副本).CSV Upload to ./Uploads/1612/
UTC+8 20161217_04:31:49	1481963509958	 : upload.php/ 	 : File 14819635091. WeatherData_20140901-20140930_Example for database.CSV Upload to ./Uploads/1612/
UTC+8 20161217_04:32:18	1481963538465	 : upload.php/ 	 : File 14819635381. WeatherData_20140901-20140930_Example for database (副本).CSV Upload to ./Uploads/1612/
UTC+8 20161220_01:32:55	1482211975926	 : upload.php/ 	 : File 14822119752. MeasureData_20140901-20140930_Part 1 (副本).csv Upload to ./Uploads/1612/
UTC+8 20161220_01:33:09	1482211989450	 : upload.php/ 	 : File 14822119892. MeasureData_20140901-20140930_Part 2 (副本).csv Upload to ./Uploads/1612/
UTC+8 20161220_01:35:14	1482212114495	 : upload.php/ 	 : File 14822121142. MeasureData_20140901-20140930_Part 1 (副本).csv Upload to ./Uploads/1612/
UTC+8 20161220_01:36:56	1482212216435	 : upload.php/ 	 : File 14822122162. MeasureData_20140901-20140930_Part 1 (副本).csv Upload to ./Uploads/1612/
UTC+8 20161220_01:37:13	1482212233533	 : upload.php/ 	 : File 14822122332. MeasureData_20140901-20140930_Part 2 (副本).csv Upload to ./Uploads/1612/
UTC+8 20161220_02:22:10	1482214930908	 : upload.php/ 	 : File 14822149302. MeasureData_20140901-20140930_Part 1.csv Upload to ./Uploads/1612/
UTC+8 20161220_02:22:25	1482214945043	 : upload.php/ 	 : File 14822149452. MeasureData_20140901-20140930_Part 2.csv Upload to ./Uploads/1612/
UTC+8 20161220_02:53:56	1482216836203	 : upload.php/ 	 : File 14822168362. MeasureData_20140901-20140930_Part 2.csv Upload to ./Uploads/1612/
UTC+8 20161220_02:54:45	1482216885569	 : upload.php/ 	 : File 14822168852. MeasureData_20140901-20140930_Part 1.csv Upload to ./Uploads/1612/
UTC+8 20161220_03:56:59	1482220619151	 : upload.php/ 	 : File 14822206192. MeasureData_20140901-20140930_Part 2.csv Upload to ./Uploads/1612/
UTC+8 20161222_08:37:52	1482410272256	 : upload.php/ 	 : File 14824102722. MeasureData_20140901-20140930_Part 1 (副本).csv Upload to ./Uploads/1612/
UTC+8 20161223_09:19:18	1482455958050	 : upload.php/ 	 : File 14824559582. MeasureData_20140901-20140930_Part 1 (副本).csv Upload to ./Uploads/1612/
UTC+8 20161223_09:21:02	1482456062890	 : upload.php/ 	 : File 14824560622. MeasureData_20140901-20140930_Part 1 (副本).csv Upload to ./Uploads/1612/
UTC+8 20161223_09:21:35	1482456095980	 : upload.php/ 	 : File 14824560952. MeasureData_20140901-20140930_Part 1 (副本).csv Upload to ./Uploads/1612/
UTC+8 20161223_09:22:56	1482456176228	 : upload.php/ 	 : File 14824561762. MeasureData_20140901-20140930_Part 1 (副本).csv Upload to ./Uploads/1612/
UTC+8 20161223_09:28:07	1482456487627	 : upload.php/ 	 : File 14824564872. MeasureData_20140901-20140930_Part 1 (副本).csv Upload to ./Uploads/1612/
UTC+8 20161223_09:28:25	1482456505930	 : upload.php/ 	 : File 14824565052. MeasureData_20140901-20140930_Part 1.csv Upload to ./Uploads/1612/
UTC+8 20161223_09:30:53	1482456653377	 : upload.php/ 	 : File 14824566532. MeasureData_20140901-20140930_Part 1.csv Upload to ./Uploads/1612/
UTC+8 20161223_09:32:54	1482456774945	 : upload.php/ 	 : File 14824567742. MeasureData_20140901-20140930_Part 2 (副本).csv Upload to ./Uploads/1612/
UTC+8 20161223_09:37:26	1482457046049	 : upload.php/ 	 : File 14824570462. MeasureData_20140901-20140930_Part 2 (副本).csv Upload to ./Uploads/1612/
UTC+8 20161223_09:39:42	1482457182141	 : upload.php/ 	 : File 14824571822. MeasureData_20140901-20140930_Part 2 (副本).csv Upload to ./Uploads/1612/
UTC+8 20161223_09:40:31	1482457231670	 : upload.php/ 	 : File 14824572312. MeasureData_20140901-20140930_Part 2 (副本).csv Upload to ./Uploads/1612/
UTC+8 20161223_09:41:23	1482457283039	 : upload.php/ 	 : File 14824572832. MeasureData_20140901-20140930_Part 2 (副本).csv Upload to ./Uploads/1612/
UTC+8 20161223_09:42:00	1482457320955	 : upload.php/ 	 : File 14824573202. MeasureData_20140901-20140930_Part 2 (副本).csv Upload to ./Uploads/1612/
UTC+8 20161223_09:43:54	1482457434206	 : upload.php/ 	 : File 14824574341. WeatherData_20140901-20140930_Example for database (副本).CSV Upload to ./Uploads/1612/
UTC+8 20161223_09:44:49	1482457489150	 : upload.php/ 	 : File 14824574892. MeasureData_20140901-20140930_Part 1 (副本).csv Upload to ./Uploads/1612/
UTC+8 20161223_09:50:06	1482457806394	 : upload.php/ 	 : File 14824578062. MeasureData_20140901-20140930_Part 1.csv Upload to ./Uploads/1612/
UTC+8 20161223_09:50:53	1482457853793	 : upload.php/ 	 : File 14824578532. MeasureData_20140901-20140930_Part 1.csv Upload to ./Uploads/1612/
UTC+8 20161223_09:51:37	1482457897009	 : upload.php/ 	 : File 14824578972. MeasureData_20140901-20140930_Part 1.csv Upload to ./Uploads/1612/
UTC+8 20161223_09:54:08	1482458048650	 : upload.php/ 	 : File 14824580482. MeasureData_20140901-20140930_Part 2 (副本).csv Upload to ./Uploads/1612/
UTC+8 20161223_09:59:10	1482458350101	 : upload.php/ 	 : File 14824583502. MeasureData_20140901-20140930_Part 1 (副本).csv Upload to ./Uploads/1612/
UTC+8 20161223_10:02:07	1482458527908	 : upload.php/ 	 : File 14824585272. MeasureData_20140901-20140930_Part 1 (副本).csv Upload to ./Uploads/1612/
UTC+8 20161223_10:43:40	1482461020918	 : upload.php/ 	 : File 14824610202. MeasureData_20140901-20140930_Part 1 (副本).csv Upload to ./Uploads/1612/
UTC+8 20161223_10:47:08	1482461228050	 : upload.php/ 	 : File 14824612282. MeasureData_20140901-20140930_Part 1 (副本).csv Upload to ./Uploads/1612/
UTC+8 20161223_10:47:40	1482461260678	 : upload.php/ 	 : File 14824612602. MeasureData_20140901-20140930_Part 1.csv Upload to ./Uploads/1612/
UTC+8 20161223_10:50:52	1482461452715	 : upload.php/ 	 : File 14824614522. MeasureData_20140901-20140930_Part 1.csv Upload to ./Uploads/1612/
UTC+8 20161223_10:51:31	1482461491856	 : upload.php/ 	 : File 14824614912. MeasureData_20140901-20140930_Part 1.csv Upload to ./Uploads/1612/
UTC+8 20161223_10:52:45	1482461565314	 : upload.php/ 	 : File 14824615652. MeasureData_20140901-20140930_Part 1.csv Upload to ./Uploads/1612/
UTC+8 20161223_10:56:40	1482461800981	 : upload.php/ 	 : File 14824618002. MeasureData_20140901-20140930_Part 1 (副本).csv Upload to ./Uploads/1612/
UTC+8 20161223_10:57:52	1482461872813	 : upload.php/ 	 : File 14824618722. MeasureData_20140901-20140930_Part 1.csv Upload to ./Uploads/1612/
UTC+8 20161223_11:04:31	1482462271548	 : upload.php/ 	 : File 14824622712. MeasureData_20140901-20140930_Part 1.csv Upload to ./Uploads/1612/
UTC+8 20161223_11:05:57	1482462357951	 : upload.php/ 	 : File 14824623572. MeasureData_20140901-20140930_Part 1.csv Upload to ./Uploads/1612/
UTC+8 20161223_11:10:02	1482462602482	 : upload.php/ 	 : File 14824626022. MeasureData_20140901-20140930_Part 1.csv Upload to ./Uploads/1612/
UTC+8 20161223_11:12:02	1482462722111	 : upload.php/ 	 : File 14824627222. MeasureData_20140901-20140930_Part 1 (副本).csv Upload to ./Uploads/1612/
UTC+8 20161223_11:44:40	1482464680567	 : upload.php/ 	 : File 14824646801. WeatherData_20140901-20140930_Example for database (副本).CSV Upload to ./Uploads/1612/
UTC+8 20161223_11:44:53	1482464693563	 : upload.php/ 	 : File 14824646931. WeatherData_20140901-20140930_Example for database (副本).CSV Upload to ./Uploads/1612/
UTC+8 20161223_11:46:01	1482464761813	 : upload.php/ 	 : File 14824647611. WeatherData_20140901-20140930_Example for database (副本).CSV Upload to ./Uploads/1612/
UTC+8 20161223_11:48:37	1482464917272	 : upload.php/ 	 : File 14824649171. WeatherData_20140901-20140930_Example for database.CSV Upload to ./Uploads/1612/
